<?xml version="1.0" encoding="UTF-8"?>
<!-- Generated by org.testng.reporters.JUnitXMLReporter -->
<testsuite ignored="0" hostname="HAREESHMA-SARATH-IRISH" failures="0" tests="7" name="Test" time="62.142" errors="0" timestamp="2024-08-19T14:19:29 IST">
  <testcase classname="testClasses.LoginTestClass" name="verifyTheExpectedPageIsOpenWhileHittingTheURL" time="0.111"/>
  <testcase classname="testClasses.LoginTestClass" name="verifySuccessfullLogin" time="5.497"/>
  <testcase classname="testClasses.LoginTestClass" name="verifyUnsuccessfulLogin" time="3.472"/>
  <testcase classname="testClasses.LoginTestClass" name="verifyUnsuccessfulLogin" time="1.282"/>
  <testcase classname="testClasses.LoginTestClass" name="verifyUnsuccessfulLogin" time="1.739"/>
  <testcase classname="testClasses.LoginTestClass" name="verifyCheckBoxRememberMeIsSelectedOrNot" time="0.39"/>
  <testcase classname="testClasses.LoginTestClass" name="verifyTheForgetPasswordResetCliksDirectedToCorrectPageOrNot" time="0.986"/>
</testsuite> <!-- Test -->
