<?xml version="1.0" encoding="UTF-8"?>
<!-- Generated by org.testng.reporters.JUnitXMLReporter -->
<testsuite ignored="1" hostname="HAREESHMA-SARATH-IRISH" failures="0" tests="9" name="Test" time="94.555" errors="0" timestamp="2024-08-04T12:57:42 IST">
  <testcase classname="testClasses.AddDeductionTestClass" name="addDeductionSuccesfuly" time="14.616">
    <skipped/>
  </testcase> <!-- addDeductionSuccesfuly -->
  <testcase classname="testClasses.AddDeductionTestClass" name="addDeductionSuccesfuly" time="8.034"/>
  <testcase classname="testClasses.LoginTestClass" name="verifyTheExpectedPageIsOpenWhileHittingTheURL" time="0.051"/>
  <testcase classname="testClasses.LoginTestClass" name="verifySuccessfullLogin" time="2.637"/>
  <testcase classname="testClasses.LoginTestClass" name="verifyUnsuccessfulLogin" time="1.307"/>
  <testcase classname="testClasses.LoginTestClass" name="verifyUnsuccessfulLogin" time="1.277"/>
  <testcase classname="testClasses.LoginTestClass" name="verifyUnsuccessfulLogin" time="1.783"/>
  <testcase classname="testClasses.LoginTestClass" name="verifyCheckBoxRememberMeIsSelectedOrNot" time="0.066"/>
  <testcase classname="testClasses.LoginTestClass" name="verifyTheForgetPasswordResetCliksDirectedToCorrectPageOrNot" time="2.34"/>
  <testcase classname="testClasses.BaseClass" name="@BeforeSuite createReport" time="0.0">
    <ignored/>
  </testcase> <!-- @BeforeSuite createReport -->
</testsuite> <!-- Test -->
