<?xml version="1.0" encoding="UTF-8"?>
<!-- Generated by org.testng.reporters.JUnitXMLReporter -->
<testsuite ignored="0" hostname="HAREESHMA-SARATH-IRISH" failures="0" tests="7" name="TestOne" time="59.672" errors="0" timestamp="2024-08-01T23:48:55 IST">
  <testcase classname="testClasses.LoginTestClass" name="verifyTheExpectedPageIsOpenWhileHittingTheURL" time="0.232"/>
  <testcase classname="testClasses.LoginTestClass" name="verifySuccessfullLogin" time="2.912"/>
  <testcase classname="testClasses.LoginTestClass" name="verifyUnsuccessfulLogin" time="1.378"/>
  <testcase classname="testClasses.LoginTestClass" name="verifyUnsuccessfulLogin" time="1.519"/>
  <testcase classname="testClasses.LoginTestClass" name="verifyUnsuccessfulLogin" time="2.078"/>
  <testcase classname="testClasses.LoginTestClass" name="verifyCheckBoxRememberMeIsSelectedOrNot" time="0.084"/>
  <testcase classname="testClasses.LoginTestClass" name="verifyTheForgetPasswordResetCliksDirectedToCorrectPageOrNot" time="0.945"/>
</testsuite> <!-- TestOne -->
