<?xml version="1.0" encoding="UTF-8"?>
<!-- Generated by org.testng.reporters.JUnitXMLReporter -->
<testsuite ignored="0" hostname="HAREESHMA-SARATH-IRISH" failures="0" tests="4" name="TestTwo" time="37.354" errors="0" timestamp="2024-08-01T23:48:33 IST">
  <testcase classname="testClasses.PasswordResetTestClass" name="verifyIncorrectMailIdSubmitShowsThereIsNoUserWithThisEmail" time="3.855"/>
  <testcase classname="testClasses.PasswordResetTestClass" name="verifyEmailCannotBeBlankMessageShowsWhenClikngSendButton" time="1.91"/>
  <testcase classname="testClasses.PasswordResetTestClass" name="verifyEmailIsNotAValidEmailAddress" time="1.834"/>
  <testcase classname="testClasses.PasswordResetTestClass" name="verifyCancelButtonClickRedirectToLoginPageOrNot" time="1.743"/>
</testsuite> <!-- TestTwo -->
