<?xml version="1.0" encoding="UTF-8"?>
<testng-results ignored="0" total="7" passed="7" failed="0" skipped="0">
  <reporter-output>
  </reporter-output>
  <suite started-at="2024-08-19T14:18:27 IST" name="Suite" finished-at="2024-08-19T14:19:29 IST" duration-ms="62142">
    <groups>
      <group name="Group B">
        <method signature="LoginTestClass.verifyTheExpectedPageIsOpenWhileHittingTheURL()[pri:1, instance:testClasses.LoginTestClass@7b2bbc3]" name="verifyTheExpectedPageIsOpenWhileHittingTheURL" class="testClasses.LoginTestClass"/>
        <method signature="LoginTestClass.verifyCheckBoxRememberMeIsSelectedOrNot()[pri:4, instance:testClasses.LoginTestClass@7b2bbc3]" name="verifyCheckBoxRememberMeIsSelectedOrNot" class="testClasses.LoginTestClass"/>
        <method signature="LoginTestClass.verifyTheForgetPasswordResetCliksDirectedToCorrectPageOrNot()[pri:5, instance:testClasses.LoginTestClass@7b2bbc3]" name="verifyTheForgetPasswordResetCliksDirectedToCorrectPageOrNot" class="testClasses.LoginTestClass"/>
      </group> <!-- Group B -->
      <group name="Group A">
        <method signature="LoginTestClass.verifySuccessfullLogin()[pri:2, instance:testClasses.LoginTestClass@7b2bbc3]" name="verifySuccessfullLogin" class="testClasses.LoginTestClass"/>
        <method signature="LoginTestClass.verifyUnsuccessfulLogin(java.lang.String,java.lang.String)[pri:3, instance:testClasses.LoginTestClass@7b2bbc3]" name="verifyUnsuccessfulLogin" class="testClasses.LoginTestClass"/>
      </group> <!-- Group A -->
    </groups>
    <test started-at="2024-08-19T14:18:27 IST" name="Test" finished-at="2024-08-19T14:19:29 IST" duration-ms="62142">
      <class name="testClasses.LoginTestClass">
        <test-method is-config="true" signature="createReport(org.testng.ITestContext)[pri:0, instance:testClasses.LoginTestClass@7b2bbc3]" started-at="2024-08-19T14:18:27 IST" name="createReport" finished-at="2024-08-19T14:18:27 IST" duration-ms="394" status="PASS">
          <params>
            <param index="0">
              <value>
                <![CDATA[org.testng.TestRunner@610d28b8]]>
              </value>
            </param>
          </params>
          <reporter-output>
          </reporter-output>
        </test-method> <!-- createReport -->
        <test-method is-config="true" signature="beforeMethod(java.lang.String)[pri:0, instance:testClasses.LoginTestClass@7b2bbc3]" started-at="2024-08-19T14:18:27 IST" name="beforeMethod" finished-at="2024-08-19T14:18:37 IST" duration-ms="9817" status="PASS">
          <params>
            <param index="0">
              <value>
                <![CDATA[chrome]]>
              </value>
            </param>
          </params>
          <reporter-output>
          </reporter-output>
        </test-method> <!-- beforeMethod -->
        <test-method signature="verifyTheExpectedPageIsOpenWhileHittingTheURL()[pri:1, instance:testClasses.LoginTestClass@7b2bbc3]" started-at="2024-08-19T14:18:37 IST" name="verifyTheExpectedPageIsOpenWhileHittingTheURL" finished-at="2024-08-19T14:18:37 IST" duration-ms="111" status="PASS">
          <reporter-output>
          </reporter-output>
        </test-method> <!-- verifyTheExpectedPageIsOpenWhileHittingTheURL -->
        <test-method is-config="true" signature="afterMethod(org.testng.ITestResult)[pri:0, instance:testClasses.LoginTestClass@7b2bbc3]" started-at="2024-08-19T14:18:37 IST" name="afterMethod" finished-at="2024-08-19T14:18:37 IST" duration-ms="319" status="PASS">
          <params>
            <param index="0">
              <value>
                <![CDATA[[TestResult name=verifyTheExpectedPageIsOpenWhileHittingTheURL status=SUCCESS method=LoginTestClass.verifyTheExpectedPageIsOpenWhileHittingTheURL()[pri:1, instance:testClasses.LoginTestClass@7b2bbc3] output={null}]]]>
              </value>
            </param>
          </params>
          <reporter-output>
          </reporter-output>
        </test-method> <!-- afterMethod -->
        <test-method is-config="true" signature="beforeMethod(java.lang.String)[pri:0, instance:testClasses.LoginTestClass@7b2bbc3]" started-at="2024-08-19T14:18:37 IST" name="beforeMethod" finished-at="2024-08-19T14:18:41 IST" duration-ms="3906" status="PASS">
          <params>
            <param index="0">
              <value>
                <![CDATA[chrome]]>
              </value>
            </param>
          </params>
          <reporter-output>
          </reporter-output>
        </test-method> <!-- beforeMethod -->
        <test-method signature="verifySuccessfullLogin()[pri:2, instance:testClasses.LoginTestClass@7b2bbc3]" started-at="2024-08-19T14:18:41 IST" name="verifySuccessfullLogin" finished-at="2024-08-19T14:18:47 IST" duration-ms="5497" status="PASS">
          <reporter-output>
          </reporter-output>
        </test-method> <!-- verifySuccessfullLogin -->
        <test-method is-config="true" signature="afterMethod(org.testng.ITestResult)[pri:0, instance:testClasses.LoginTestClass@7b2bbc3]" started-at="2024-08-19T14:18:47 IST" name="afterMethod" finished-at="2024-08-19T14:18:47 IST" duration-ms="291" status="PASS">
          <params>
            <param index="0">
              <value>
                <![CDATA[[TestResult name=verifySuccessfullLogin status=SUCCESS method=LoginTestClass.verifySuccessfullLogin()[pri:2, instance:testClasses.LoginTestClass@7b2bbc3] output={null}]]]>
              </value>
            </param>
          </params>
          <reporter-output>
          </reporter-output>
        </test-method> <!-- afterMethod -->
        <test-method is-config="true" signature="beforeMethod(java.lang.String)[pri:0, instance:testClasses.LoginTestClass@7b2bbc3]" started-at="2024-08-19T14:18:48 IST" name="beforeMethod" finished-at="2024-08-19T14:19:04 IST" duration-ms="16103" status="PASS">
          <params>
            <param index="0">
              <value>
                <![CDATA[chrome]]>
              </value>
            </param>
          </params>
          <reporter-output>
          </reporter-output>
        </test-method> <!-- beforeMethod -->
        <test-method signature="verifyUnsuccessfulLogin(java.lang.String,java.lang.String)[pri:3, instance:testClasses.LoginTestClass@7b2bbc3]" started-at="2024-08-19T14:19:04 IST" name="verifyUnsuccessfulLogin" data-provider="unsuccessful" finished-at="2024-08-19T14:19:07 IST" duration-ms="3472" status="PASS">
          <params>
            <param index="0">
              <value>
                <![CDATA[admin]]>
              </value>
            </param>
            <param index="1">
              <value>
                <![CDATA[admin123]]>
              </value>
            </param>
          </params>
          <reporter-output>
          </reporter-output>
        </test-method> <!-- verifyUnsuccessfulLogin -->
        <test-method is-config="true" signature="afterMethod(org.testng.ITestResult)[pri:0, instance:testClasses.LoginTestClass@7b2bbc3]" started-at="2024-08-19T14:19:07 IST" name="afterMethod" finished-at="2024-08-19T14:19:07 IST" duration-ms="234" status="PASS">
          <params>
            <param index="0">
              <value>
                <![CDATA[[TestResult name=verifyUnsuccessfulLogin status=SUCCESS method=LoginTestClass.verifyUnsuccessfulLogin(java.lang.String,java.lang.String)[pri:3, instance:testClasses.LoginTestClass@7b2bbc3] output={null}]]]>
              </value>
            </param>
          </params>
          <reporter-output>
          </reporter-output>
        </test-method> <!-- afterMethod -->
        <test-method is-config="true" signature="beforeMethod(java.lang.String)[pri:0, instance:testClasses.LoginTestClass@7b2bbc3]" started-at="2024-08-19T14:19:07 IST" name="beforeMethod" finished-at="2024-08-19T14:19:12 IST" duration-ms="4281" status="PASS">
          <params>
            <param index="0">
              <value>
                <![CDATA[chrome]]>
              </value>
            </param>
          </params>
          <reporter-output>
          </reporter-output>
        </test-method> <!-- beforeMethod -->
        <test-method signature="verifyUnsuccessfulLogin(java.lang.String,java.lang.String)[pri:3, instance:testClasses.LoginTestClass@7b2bbc3]" started-at="2024-08-19T14:19:12 IST" name="verifyUnsuccessfulLogin" data-provider="unsuccessful" finished-at="2024-08-19T14:19:13 IST" duration-ms="1282" status="PASS">
          <params>
            <param index="0">
              <value>
                <![CDATA[carl]]>
              </value>
            </param>
            <param index="1">
              <value>
                <![CDATA[1q2w3e4r]]>
              </value>
            </param>
          </params>
          <reporter-output>
          </reporter-output>
        </test-method> <!-- verifyUnsuccessfulLogin -->
        <test-method is-config="true" signature="afterMethod(org.testng.ITestResult)[pri:0, instance:testClasses.LoginTestClass@7b2bbc3]" started-at="2024-08-19T14:19:13 IST" name="afterMethod" finished-at="2024-08-19T14:19:13 IST" duration-ms="188" status="PASS">
          <params>
            <param index="0">
              <value>
                <![CDATA[[TestResult name=verifyUnsuccessfulLogin status=SUCCESS method=LoginTestClass.verifyUnsuccessfulLogin(java.lang.String,java.lang.String)[pri:3, instance:testClasses.LoginTestClass@7b2bbc3] output={null}]]]>
              </value>
            </param>
          </params>
          <reporter-output>
          </reporter-output>
        </test-method> <!-- afterMethod -->
        <test-method is-config="true" signature="beforeMethod(java.lang.String)[pri:0, instance:testClasses.LoginTestClass@7b2bbc3]" started-at="2024-08-19T14:19:13 IST" name="beforeMethod" finished-at="2024-08-19T14:19:18 IST" duration-ms="4387" status="PASS">
          <params>
            <param index="0">
              <value>
                <![CDATA[chrome]]>
              </value>
            </param>
          </params>
          <reporter-output>
          </reporter-output>
        </test-method> <!-- beforeMethod -->
        <test-method signature="verifyUnsuccessfulLogin(java.lang.String,java.lang.String)[pri:3, instance:testClasses.LoginTestClass@7b2bbc3]" started-at="2024-08-19T14:19:18 IST" name="verifyUnsuccessfulLogin" data-provider="unsuccessful" finished-at="2024-08-19T14:19:19 IST" duration-ms="1739" status="PASS">
          <params>
            <param index="0">
              <value>
                <![CDATA[carol]]>
              </value>
            </param>
            <param index="1">
              <value>
                <![CDATA[admin]]>
              </value>
            </param>
          </params>
          <reporter-output>
          </reporter-output>
        </test-method> <!-- verifyUnsuccessfulLogin -->
        <test-method is-config="true" signature="afterMethod(org.testng.ITestResult)[pri:0, instance:testClasses.LoginTestClass@7b2bbc3]" started-at="2024-08-19T14:19:19 IST" name="afterMethod" finished-at="2024-08-19T14:19:20 IST" duration-ms="244" status="PASS">
          <params>
            <param index="0">
              <value>
                <![CDATA[[TestResult name=verifyUnsuccessfulLogin status=SUCCESS method=LoginTestClass.verifyUnsuccessfulLogin(java.lang.String,java.lang.String)[pri:3, instance:testClasses.LoginTestClass@7b2bbc3] output={null}]]]>
              </value>
            </param>
          </params>
          <reporter-output>
          </reporter-output>
        </test-method> <!-- afterMethod -->
        <test-method is-config="true" signature="beforeMethod(java.lang.String)[pri:0, instance:testClasses.LoginTestClass@7b2bbc3]" started-at="2024-08-19T14:19:20 IST" name="beforeMethod" finished-at="2024-08-19T14:19:24 IST" duration-ms="4221" status="PASS">
          <params>
            <param index="0">
              <value>
                <![CDATA[chrome]]>
              </value>
            </param>
          </params>
          <reporter-output>
          </reporter-output>
        </test-method> <!-- beforeMethod -->
        <test-method signature="verifyCheckBoxRememberMeIsSelectedOrNot()[pri:4, instance:testClasses.LoginTestClass@7b2bbc3]" started-at="2024-08-19T14:19:24 IST" name="verifyCheckBoxRememberMeIsSelectedOrNot" finished-at="2024-08-19T14:19:24 IST" duration-ms="390" status="PASS">
          <reporter-output>
          </reporter-output>
        </test-method> <!-- verifyCheckBoxRememberMeIsSelectedOrNot -->
        <test-method is-config="true" signature="afterMethod(org.testng.ITestResult)[pri:0, instance:testClasses.LoginTestClass@7b2bbc3]" started-at="2024-08-19T14:19:24 IST" name="afterMethod" finished-at="2024-08-19T14:19:24 IST" duration-ms="218" status="PASS">
          <params>
            <param index="0">
              <value>
                <![CDATA[[TestResult name=verifyCheckBoxRememberMeIsSelectedOrNot status=SUCCESS method=LoginTestClass.verifyCheckBoxRememberMeIsSelectedOrNot()[pri:4, instance:testClasses.LoginTestClass@7b2bbc3] output={null}]]]>
              </value>
            </param>
          </params>
          <reporter-output>
          </reporter-output>
        </test-method> <!-- afterMethod -->
        <test-method is-config="true" signature="beforeMethod(java.lang.String)[pri:0, instance:testClasses.LoginTestClass@7b2bbc3]" started-at="2024-08-19T14:19:24 IST" name="beforeMethod" finished-at="2024-08-19T14:19:28 IST" duration-ms="3728" status="PASS">
          <params>
            <param index="0">
              <value>
                <![CDATA[chrome]]>
              </value>
            </param>
          </params>
          <reporter-output>
          </reporter-output>
        </test-method> <!-- beforeMethod -->
        <test-method signature="verifyTheForgetPasswordResetCliksDirectedToCorrectPageOrNot()[pri:5, instance:testClasses.LoginTestClass@7b2bbc3]" started-at="2024-08-19T14:19:28 IST" name="verifyTheForgetPasswordResetCliksDirectedToCorrectPageOrNot" finished-at="2024-08-19T14:19:29 IST" duration-ms="986" status="PASS">
          <reporter-output>
          </reporter-output>
        </test-method> <!-- verifyTheForgetPasswordResetCliksDirectedToCorrectPageOrNot -->
        <test-method is-config="true" signature="afterMethod(org.testng.ITestResult)[pri:0, instance:testClasses.LoginTestClass@7b2bbc3]" started-at="2024-08-19T14:19:29 IST" name="afterMethod" finished-at="2024-08-19T14:19:29 IST" duration-ms="203" status="PASS">
          <params>
            <param index="0">
              <value>
                <![CDATA[[TestResult name=verifyTheForgetPasswordResetCliksDirectedToCorrectPageOrNot status=SUCCESS method=LoginTestClass.verifyTheForgetPasswordResetCliksDirectedToCorrectPageOrNot()[pri:5, instance:testClasses.LoginTestClass@7b2bbc3] output={null}]]]>
              </value>
            </param>
          </params>
          <reporter-output>
          </reporter-output>
        </test-method> <!-- afterMethod -->
      </class> <!-- testClasses.LoginTestClass -->
    </test> <!-- Test -->
  </suite> <!-- Suite -->
</testng-results>
