<?xml version="1.0" encoding="UTF-8"?>
<testng-results ignored="1" total="12" passed="11" failed="0" skipped="0">
  <reporter-output>
  </reporter-output>
  <suite started-at="2024-08-01T23:57:45 IST" name="GroupTestingSuite" finished-at="2024-08-01T23:59:24 IST" duration-ms="98572">
    <groups>
      <group name="Group B">
        <method signature="LoginTestClass.verifyTheExpectedPageIsOpenWhileHittingTheURL()[pri:1, instance:testClasses.LoginTestClass@7ac296f6]" name="verifyTheExpectedPageIsOpenWhileHittingTheURL" class="testClasses.LoginTestClass"/>
        <method signature="LoginTestClass.verifyCheckBoxRememberMeIsSelectedOrNot()[pri:4, instance:testClasses.LoginTestClass@7ac296f6]" name="verifyCheckBoxRememberMeIsSelectedOrNot" class="testClasses.LoginTestClass"/>
        <method signature="PasswordResetTestClass.verifyCancelButtonClickRedirectToLoginPageOrNot()[pri:4, instance:testClasses.PasswordResetTestClass@7d61eb55]" name="verifyCancelButtonClickRedirectToLoginPageOrNot" class="testClasses.PasswordResetTestClass"/>
        <method signature="LoginTestClass.verifyTheForgetPasswordResetCliksDirectedToCorrectPageOrNot()[pri:5, instance:testClasses.LoginTestClass@7ac296f6]" name="verifyTheForgetPasswordResetCliksDirectedToCorrectPageOrNot" class="testClasses.LoginTestClass"/>
      </group> <!-- Group B -->
      <group name="Group A">
        <method signature="LoginTestClass.verifySuccessfullLogin()[pri:2, instance:testClasses.LoginTestClass@7ac296f6]" name="verifySuccessfullLogin" class="testClasses.LoginTestClass"/>
        <method signature="LoginTestClass.verifyUnsuccessfulLogin(java.lang.String,java.lang.String)[pri:3, instance:testClasses.LoginTestClass@7ac296f6]" name="verifyUnsuccessfulLogin" class="testClasses.LoginTestClass"/>
      </group> <!-- Group A -->
      <group name="Group C">
        <method signature="PasswordResetTestClass.verifyIncorrectMailIdSubmitShowsThereIsNoUserWithThisEmail()[pri:1, instance:testClasses.PasswordResetTestClass@7d61eb55]" name="verifyIncorrectMailIdSubmitShowsThereIsNoUserWithThisEmail" class="testClasses.PasswordResetTestClass"/>
        <method signature="PasswordResetTestClass.verifyEmailCannotBeBlankMessageShowsWhenClikngSendButton()[pri:2, instance:testClasses.PasswordResetTestClass@7d61eb55]" name="verifyEmailCannotBeBlankMessageShowsWhenClikngSendButton" class="testClasses.PasswordResetTestClass"/>
        <method signature="PasswordResetTestClass.verifyEmailIsNotAValidEmailAddress()[pri:3, instance:testClasses.PasswordResetTestClass@7d61eb55]" name="verifyEmailIsNotAValidEmailAddress" class="testClasses.PasswordResetTestClass"/>
      </group> <!-- Group C -->
    </groups>
    <test started-at="2024-08-01T23:57:45 IST" name="Test" finished-at="2024-08-01T23:59:24 IST" duration-ms="98572">
      <class name="testClasses.PasswordResetTestClass">
        <test-method is-config="true" signature="beforeMethod(java.lang.String)[pri:0, instance:testClasses.PasswordResetTestClass@7d61eb55]" started-at="2024-08-01T23:58:47 IST" name="beforeMethod" finished-at="2024-08-01T23:58:54 IST" duration-ms="6570" status="PASS">
          <params>
            <param index="0">
              <value>
                <![CDATA[chrome]]>
              </value>
            </param>
          </params>
          <reporter-output>
          </reporter-output>
        </test-method> <!-- beforeMethod -->
        <test-method signature="verifyIncorrectMailIdSubmitShowsThereIsNoUserWithThisEmail()[pri:1, instance:testClasses.PasswordResetTestClass@7d61eb55]" started-at="2024-08-01T23:58:54 IST" name="verifyIncorrectMailIdSubmitShowsThereIsNoUserWithThisEmail" finished-at="2024-08-01T23:58:56 IST" duration-ms="1898" status="PASS">
          <reporter-output>
          </reporter-output>
        </test-method> <!-- verifyIncorrectMailIdSubmitShowsThereIsNoUserWithThisEmail -->
        <test-method is-config="true" signature="afterMethod(org.testng.ITestResult)[pri:0, instance:testClasses.PasswordResetTestClass@7d61eb55]" started-at="2024-08-01T23:58:56 IST" name="afterMethod" finished-at="2024-08-01T23:58:56 IST" duration-ms="271" status="PASS">
          <params>
            <param index="0">
              <value>
                <![CDATA[[TestResult name=verifyIncorrectMailIdSubmitShowsThereIsNoUserWithThisEmail status=SUCCESS method=PasswordResetTestClass.verifyIncorrectMailIdSubmitShowsThereIsNoUserWithThisEmail()[pri:1, instance:testClasses.PasswordResetTestClass@7d61eb55] output={null}]]]>
              </value>
            </param>
          </params>
          <reporter-output>
          </reporter-output>
        </test-method> <!-- afterMethod -->
        <test-method is-config="true" signature="beforeMethod(java.lang.String)[pri:0, instance:testClasses.PasswordResetTestClass@7d61eb55]" started-at="2024-08-01T23:58:56 IST" name="beforeMethod" finished-at="2024-08-01T23:59:02 IST" duration-ms="6156" status="PASS">
          <params>
            <param index="0">
              <value>
                <![CDATA[chrome]]>
              </value>
            </param>
          </params>
          <reporter-output>
          </reporter-output>
        </test-method> <!-- beforeMethod -->
        <test-method signature="verifyEmailCannotBeBlankMessageShowsWhenClikngSendButton()[pri:2, instance:testClasses.PasswordResetTestClass@7d61eb55]" started-at="2024-08-01T23:59:02 IST" name="verifyEmailCannotBeBlankMessageShowsWhenClikngSendButton" finished-at="2024-08-01T23:59:04 IST" duration-ms="1710" status="PASS">
          <reporter-output>
          </reporter-output>
        </test-method> <!-- verifyEmailCannotBeBlankMessageShowsWhenClikngSendButton -->
        <test-method is-config="true" signature="afterMethod(org.testng.ITestResult)[pri:0, instance:testClasses.PasswordResetTestClass@7d61eb55]" started-at="2024-08-01T23:59:04 IST" name="afterMethod" finished-at="2024-08-01T23:59:04 IST" duration-ms="271" status="PASS">
          <params>
            <param index="0">
              <value>
                <![CDATA[[TestResult name=verifyEmailCannotBeBlankMessageShowsWhenClikngSendButton status=SUCCESS method=PasswordResetTestClass.verifyEmailCannotBeBlankMessageShowsWhenClikngSendButton()[pri:2, instance:testClasses.PasswordResetTestClass@7d61eb55] output={null}]]]>
              </value>
            </param>
          </params>
          <reporter-output>
          </reporter-output>
        </test-method> <!-- afterMethod -->
        <test-method is-config="true" signature="beforeMethod(java.lang.String)[pri:0, instance:testClasses.PasswordResetTestClass@7d61eb55]" started-at="2024-08-01T23:59:04 IST" name="beforeMethod" finished-at="2024-08-01T23:59:12 IST" duration-ms="8001" status="PASS">
          <params>
            <param index="0">
              <value>
                <![CDATA[chrome]]>
              </value>
            </param>
          </params>
          <reporter-output>
          </reporter-output>
        </test-method> <!-- beforeMethod -->
        <test-method signature="verifyEmailIsNotAValidEmailAddress()[pri:3, instance:testClasses.PasswordResetTestClass@7d61eb55]" started-at="2024-08-01T23:59:12 IST" name="verifyEmailIsNotAValidEmailAddress" finished-at="2024-08-01T23:59:14 IST" duration-ms="2196" status="PASS">
          <reporter-output>
          </reporter-output>
        </test-method> <!-- verifyEmailIsNotAValidEmailAddress -->
        <test-method is-config="true" signature="afterMethod(org.testng.ITestResult)[pri:0, instance:testClasses.PasswordResetTestClass@7d61eb55]" started-at="2024-08-01T23:59:14 IST" name="afterMethod" finished-at="2024-08-01T23:59:14 IST" duration-ms="251" status="PASS">
          <params>
            <param index="0">
              <value>
                <![CDATA[[TestResult name=verifyEmailIsNotAValidEmailAddress status=SUCCESS method=PasswordResetTestClass.verifyEmailIsNotAValidEmailAddress()[pri:3, instance:testClasses.PasswordResetTestClass@7d61eb55] output={null}]]]>
              </value>
            </param>
          </params>
          <reporter-output>
          </reporter-output>
        </test-method> <!-- afterMethod -->
        <test-method is-config="true" signature="beforeMethod(java.lang.String)[pri:0, instance:testClasses.PasswordResetTestClass@7d61eb55]" started-at="2024-08-01T23:59:14 IST" name="beforeMethod" finished-at="2024-08-01T23:59:22 IST" duration-ms="7484" status="PASS">
          <params>
            <param index="0">
              <value>
                <![CDATA[chrome]]>
              </value>
            </param>
          </params>
          <reporter-output>
          </reporter-output>
        </test-method> <!-- beforeMethod -->
        <test-method signature="verifyCancelButtonClickRedirectToLoginPageOrNot()[pri:4, instance:testClasses.PasswordResetTestClass@7d61eb55]" started-at="2024-08-01T23:59:22 IST" name="verifyCancelButtonClickRedirectToLoginPageOrNot" finished-at="2024-08-01T23:59:24 IST" duration-ms="1673" status="PASS">
          <reporter-output>
          </reporter-output>
        </test-method> <!-- verifyCancelButtonClickRedirectToLoginPageOrNot -->
        <test-method is-config="true" signature="afterMethod(org.testng.ITestResult)[pri:0, instance:testClasses.PasswordResetTestClass@7d61eb55]" started-at="2024-08-01T23:59:24 IST" name="afterMethod" finished-at="2024-08-01T23:59:24 IST" duration-ms="242" status="PASS">
          <params>
            <param index="0">
              <value>
                <![CDATA[[TestResult name=verifyCancelButtonClickRedirectToLoginPageOrNot status=SUCCESS method=PasswordResetTestClass.verifyCancelButtonClickRedirectToLoginPageOrNot()[pri:4, instance:testClasses.PasswordResetTestClass@7d61eb55] output={null}]]]>
              </value>
            </param>
          </params>
          <reporter-output>
          </reporter-output>
        </test-method> <!-- afterMethod -->
      </class> <!-- testClasses.PasswordResetTestClass -->
      <class name="testClasses.LoginTestClass">
        <test-method is-config="true" signature="createReport(org.testng.ITestContext)[pri:0, instance:testClasses.LoginTestClass@7ac296f6]" started-at="2024-08-01T23:57:45 IST" name="createReport" finished-at="2024-08-01T23:57:45 IST" duration-ms="26" status="PASS">
          <params>
            <param index="0">
              <value>
                <![CDATA[org.testng.TestRunner@41938e1e]]>
              </value>
            </param>
          </params>
          <reporter-output>
          </reporter-output>
        </test-method> <!-- createReport -->
        <test-method is-config="true" signature="beforeMethod(java.lang.String)[pri:0, instance:testClasses.LoginTestClass@7ac296f6]" started-at="2024-08-01T23:57:45 IST" name="beforeMethod" finished-at="2024-08-01T23:57:54 IST" duration-ms="8593" status="PASS">
          <params>
            <param index="0">
              <value>
                <![CDATA[chrome]]>
              </value>
            </param>
          </params>
          <reporter-output>
          </reporter-output>
        </test-method> <!-- beforeMethod -->
        <test-method signature="verifyTheExpectedPageIsOpenWhileHittingTheURL()[pri:1, instance:testClasses.LoginTestClass@7ac296f6]" started-at="2024-08-01T23:57:54 IST" name="verifyTheExpectedPageIsOpenWhileHittingTheURL" finished-at="2024-08-01T23:57:54 IST" duration-ms="210" status="PASS">
          <reporter-output>
          </reporter-output>
        </test-method> <!-- verifyTheExpectedPageIsOpenWhileHittingTheURL -->
        <test-method is-config="true" signature="afterMethod(org.testng.ITestResult)[pri:0, instance:testClasses.LoginTestClass@7ac296f6]" started-at="2024-08-01T23:57:54 IST" name="afterMethod" finished-at="2024-08-01T23:57:54 IST" duration-ms="276" status="PASS">
          <params>
            <param index="0">
              <value>
                <![CDATA[[TestResult name=verifyTheExpectedPageIsOpenWhileHittingTheURL status=SUCCESS method=LoginTestClass.verifyTheExpectedPageIsOpenWhileHittingTheURL()[pri:1, instance:testClasses.LoginTestClass@7ac296f6] output={null}]]]>
              </value>
            </param>
          </params>
          <reporter-output>
          </reporter-output>
        </test-method> <!-- afterMethod -->
        <test-method is-config="true" signature="beforeMethod(java.lang.String)[pri:0, instance:testClasses.LoginTestClass@7ac296f6]" started-at="2024-08-01T23:57:54 IST" name="beforeMethod" finished-at="2024-08-01T23:58:02 IST" duration-ms="7534" status="PASS">
          <params>
            <param index="0">
              <value>
                <![CDATA[chrome]]>
              </value>
            </param>
          </params>
          <reporter-output>
          </reporter-output>
        </test-method> <!-- beforeMethod -->
        <test-method signature="verifySuccessfullLogin()[pri:2, instance:testClasses.LoginTestClass@7ac296f6]" started-at="2024-08-01T23:58:02 IST" name="verifySuccessfullLogin" finished-at="2024-08-01T23:58:05 IST" duration-ms="3332" status="PASS">
          <reporter-output>
          </reporter-output>
        </test-method> <!-- verifySuccessfullLogin -->
        <test-method is-config="true" signature="afterMethod(org.testng.ITestResult)[pri:0, instance:testClasses.LoginTestClass@7ac296f6]" started-at="2024-08-01T23:58:05 IST" name="afterMethod" finished-at="2024-08-01T23:58:06 IST" duration-ms="189" status="PASS">
          <params>
            <param index="0">
              <value>
                <![CDATA[[TestResult name=verifySuccessfullLogin status=SUCCESS method=LoginTestClass.verifySuccessfullLogin()[pri:2, instance:testClasses.LoginTestClass@7ac296f6] output={null}]]]>
              </value>
            </param>
          </params>
          <reporter-output>
          </reporter-output>
        </test-method> <!-- afterMethod -->
        <test-method is-config="true" signature="beforeMethod(java.lang.String)[pri:0, instance:testClasses.LoginTestClass@7ac296f6]" started-at="2024-08-01T23:58:06 IST" name="beforeMethod" finished-at="2024-08-01T23:58:13 IST" duration-ms="7236" status="PASS">
          <params>
            <param index="0">
              <value>
                <![CDATA[chrome]]>
              </value>
            </param>
          </params>
          <reporter-output>
          </reporter-output>
        </test-method> <!-- beforeMethod -->
        <test-method signature="verifyUnsuccessfulLogin(java.lang.String,java.lang.String)[pri:3, instance:testClasses.LoginTestClass@7ac296f6]" started-at="2024-08-01T23:58:13 IST" name="verifyUnsuccessfulLogin" data-provider="unsuccessful" finished-at="2024-08-01T23:58:14 IST" duration-ms="1471" status="PASS">
          <params>
            <param index="0">
              <value>
                <![CDATA[admin]]>
              </value>
            </param>
            <param index="1">
              <value>
                <![CDATA[admin123]]>
              </value>
            </param>
          </params>
          <reporter-output>
          </reporter-output>
        </test-method> <!-- verifyUnsuccessfulLogin -->
        <test-method is-config="true" signature="afterMethod(org.testng.ITestResult)[pri:0, instance:testClasses.LoginTestClass@7ac296f6]" started-at="2024-08-01T23:58:14 IST" name="afterMethod" finished-at="2024-08-01T23:58:15 IST" duration-ms="234" status="PASS">
          <params>
            <param index="0">
              <value>
                <![CDATA[[TestResult name=verifyUnsuccessfulLogin status=SUCCESS method=LoginTestClass.verifyUnsuccessfulLogin(java.lang.String,java.lang.String)[pri:3, instance:testClasses.LoginTestClass@7ac296f6] output={null}]]]>
              </value>
            </param>
          </params>
          <reporter-output>
          </reporter-output>
        </test-method> <!-- afterMethod -->
        <test-method is-config="true" signature="beforeMethod(java.lang.String)[pri:0, instance:testClasses.LoginTestClass@7ac296f6]" started-at="2024-08-01T23:58:15 IST" name="beforeMethod" finished-at="2024-08-01T23:58:21 IST" duration-ms="6299" status="PASS">
          <params>
            <param index="0">
              <value>
                <![CDATA[chrome]]>
              </value>
            </param>
          </params>
          <reporter-output>
          </reporter-output>
        </test-method> <!-- beforeMethod -->
        <test-method signature="verifyUnsuccessfulLogin(java.lang.String,java.lang.String)[pri:3, instance:testClasses.LoginTestClass@7ac296f6]" started-at="2024-08-01T23:58:21 IST" name="verifyUnsuccessfulLogin" data-provider="unsuccessful" finished-at="2024-08-01T23:58:22 IST" duration-ms="1501" status="PASS">
          <params>
            <param index="0">
              <value>
                <![CDATA[carl]]>
              </value>
            </param>
            <param index="1">
              <value>
                <![CDATA[1q2w3e4r]]>
              </value>
            </param>
          </params>
          <reporter-output>
          </reporter-output>
        </test-method> <!-- verifyUnsuccessfulLogin -->
        <test-method is-config="true" signature="afterMethod(org.testng.ITestResult)[pri:0, instance:testClasses.LoginTestClass@7ac296f6]" started-at="2024-08-01T23:58:22 IST" name="afterMethod" finished-at="2024-08-01T23:58:23 IST" duration-ms="333" status="PASS">
          <params>
            <param index="0">
              <value>
                <![CDATA[[TestResult name=verifyUnsuccessfulLogin status=SUCCESS method=LoginTestClass.verifyUnsuccessfulLogin(java.lang.String,java.lang.String)[pri:3, instance:testClasses.LoginTestClass@7ac296f6] output={null}]]]>
              </value>
            </param>
          </params>
          <reporter-output>
          </reporter-output>
        </test-method> <!-- afterMethod -->
        <test-method is-config="true" signature="beforeMethod(java.lang.String)[pri:0, instance:testClasses.LoginTestClass@7ac296f6]" started-at="2024-08-01T23:58:23 IST" name="beforeMethod" finished-at="2024-08-01T23:58:29 IST" duration-ms="6507" status="PASS">
          <params>
            <param index="0">
              <value>
                <![CDATA[chrome]]>
              </value>
            </param>
          </params>
          <reporter-output>
          </reporter-output>
        </test-method> <!-- beforeMethod -->
        <test-method signature="verifyUnsuccessfulLogin(java.lang.String,java.lang.String)[pri:3, instance:testClasses.LoginTestClass@7ac296f6]" started-at="2024-08-01T23:58:29 IST" name="verifyUnsuccessfulLogin" data-provider="unsuccessful" finished-at="2024-08-01T23:58:31 IST" duration-ms="1937" status="PASS">
          <params>
            <param index="0">
              <value>
                <![CDATA[carol]]>
              </value>
            </param>
            <param index="1">
              <value>
                <![CDATA[admin]]>
              </value>
            </param>
          </params>
          <reporter-output>
          </reporter-output>
        </test-method> <!-- verifyUnsuccessfulLogin -->
        <test-method is-config="true" signature="afterMethod(org.testng.ITestResult)[pri:0, instance:testClasses.LoginTestClass@7ac296f6]" started-at="2024-08-01T23:58:31 IST" name="afterMethod" finished-at="2024-08-01T23:58:31 IST" duration-ms="207" status="PASS">
          <params>
            <param index="0">
              <value>
                <![CDATA[[TestResult name=verifyUnsuccessfulLogin status=SUCCESS method=LoginTestClass.verifyUnsuccessfulLogin(java.lang.String,java.lang.String)[pri:3, instance:testClasses.LoginTestClass@7ac296f6] output={null}]]]>
              </value>
            </param>
          </params>
          <reporter-output>
          </reporter-output>
        </test-method> <!-- afterMethod -->
        <test-method is-config="true" signature="beforeMethod(java.lang.String)[pri:0, instance:testClasses.LoginTestClass@7ac296f6]" started-at="2024-08-01T23:58:31 IST" name="beforeMethod" finished-at="2024-08-01T23:58:39 IST" duration-ms="7299" status="PASS">
          <params>
            <param index="0">
              <value>
                <![CDATA[chrome]]>
              </value>
            </param>
          </params>
          <reporter-output>
          </reporter-output>
        </test-method> <!-- beforeMethod -->
        <test-method signature="verifyCheckBoxRememberMeIsSelectedOrNot()[pri:4, instance:testClasses.LoginTestClass@7ac296f6]" started-at="2024-08-01T23:58:39 IST" name="verifyCheckBoxRememberMeIsSelectedOrNot" finished-at="2024-08-01T23:58:39 IST" duration-ms="53" status="PASS">
          <reporter-output>
          </reporter-output>
        </test-method> <!-- verifyCheckBoxRememberMeIsSelectedOrNot -->
        <test-method is-config="true" signature="afterMethod(org.testng.ITestResult)[pri:0, instance:testClasses.LoginTestClass@7ac296f6]" started-at="2024-08-01T23:58:39 IST" name="afterMethod" finished-at="2024-08-01T23:58:39 IST" duration-ms="243" status="PASS">
          <params>
            <param index="0">
              <value>
                <![CDATA[[TestResult name=verifyCheckBoxRememberMeIsSelectedOrNot status=SUCCESS method=LoginTestClass.verifyCheckBoxRememberMeIsSelectedOrNot()[pri:4, instance:testClasses.LoginTestClass@7ac296f6] output={null}]]]>
              </value>
            </param>
          </params>
          <reporter-output>
          </reporter-output>
        </test-method> <!-- afterMethod -->
        <test-method is-config="true" signature="beforeMethod(java.lang.String)[pri:0, instance:testClasses.LoginTestClass@7ac296f6]" started-at="2024-08-01T23:58:39 IST" name="beforeMethod" finished-at="2024-08-01T23:58:46 IST" duration-ms="6880" status="PASS">
          <params>
            <param index="0">
              <value>
                <![CDATA[chrome]]>
              </value>
            </param>
          </params>
          <reporter-output>
          </reporter-output>
        </test-method> <!-- beforeMethod -->
        <test-method signature="verifyTheForgetPasswordResetCliksDirectedToCorrectPageOrNot()[pri:5, instance:testClasses.LoginTestClass@7ac296f6]" started-at="2024-08-01T23:58:46 IST" name="verifyTheForgetPasswordResetCliksDirectedToCorrectPageOrNot" finished-at="2024-08-01T23:58:47 IST" duration-ms="951" status="PASS">
          <reporter-output>
          </reporter-output>
        </test-method> <!-- verifyTheForgetPasswordResetCliksDirectedToCorrectPageOrNot -->
        <test-method is-config="true" signature="afterMethod(org.testng.ITestResult)[pri:0, instance:testClasses.LoginTestClass@7ac296f6]" started-at="2024-08-01T23:58:47 IST" name="afterMethod" finished-at="2024-08-01T23:58:47 IST" duration-ms="249" status="PASS">
          <params>
            <param index="0">
              <value>
                <![CDATA[[TestResult name=verifyTheForgetPasswordResetCliksDirectedToCorrectPageOrNot status=SUCCESS method=LoginTestClass.verifyTheForgetPasswordResetCliksDirectedToCorrectPageOrNot()[pri:5, instance:testClasses.LoginTestClass@7ac296f6] output={null}]]]>
              </value>
            </param>
          </params>
          <reporter-output>
          </reporter-output>
        </test-method> <!-- afterMethod -->
      </class> <!-- testClasses.LoginTestClass -->
    </test> <!-- Test -->
  </suite> <!-- GroupTestingSuite -->
</testng-results>
