<?xml version="1.0" encoding="UTF-8"?>
<!-- Generated by org.testng.reporters.JUnitXMLReporter -->
<testsuite ignored="0" hostname="HAREESHMA-SARATH-IRISH" failures="0" tests="17" name="ChromeTest" time="222.781" errors="0" timestamp="2024-08-01T23:42:54 IST">
  <testcase classname="testClasses.AddDeductionTestClass" name="addDeductionSuccesfuly" time="9.048"/>
  <testcase classname="testClasses.PasswordResetTestClass" name="verifyIncorrectMailIdSubmitShowsThereIsNoUserWithThisEmail" time="1.831"/>
  <testcase classname="testClasses.ClientTestClass" name="verifyResetButtonIsWorkingOrNot" time="4.415"/>
  <testcase classname="testClasses.LoginTestClass" name="verifyTheExpectedPageIsOpenWhileHittingTheURL" time="0.115"/>
  <testcase classname="testClasses.DeductionTestClass" name="verifyViewButtonClickOpensProfileViewPage" time="4.03"/>
  <testcase classname="testClasses.DeductionTestClass" name="searchAWorkerIsVisibleOrNotInTheList" time="12.302"/>
  <testcase classname="testClasses.PasswordResetTestClass" name="verifyEmailCannotBeBlankMessageShowsWhenClikngSendButton" time="1.597"/>
  <testcase classname="testClasses.LoginTestClass" name="verifySuccessfullLogin" time="2.392"/>
  <testcase classname="testClasses.ClientTestClass" name="verifySuccessfullSearchUsingClientId" time="4.098"/>
  <testcase classname="testClasses.PasswordResetTestClass" name="verifyEmailIsNotAValidEmailAddress" time="1.866"/>
  <testcase classname="testClasses.ClientTestClass" name="verifyUnSuccessfullSearchUsingClentId" time="4.21"/>
  <testcase classname="testClasses.LoginTestClass" name="verifyUnsuccessfulLogin" time="1.203"/>
  <testcase classname="testClasses.LoginTestClass" name="verifyUnsuccessfulLogin" time="1.305"/>
  <testcase classname="testClasses.LoginTestClass" name="verifyUnsuccessfulLogin" time="1.731"/>
  <testcase classname="testClasses.PasswordResetTestClass" name="verifyCancelButtonClickRedirectToLoginPageOrNot" time="1.375"/>
  <testcase classname="testClasses.LoginTestClass" name="verifyCheckBoxRememberMeIsSelectedOrNot" time="0.041"/>
  <testcase classname="testClasses.LoginTestClass" name="verifyTheForgetPasswordResetCliksDirectedToCorrectPageOrNot" time="0.881"/>
</testsuite> <!-- ChromeTest -->
