<?xml version="1.0" encoding="UTF-8"?>
<!-- Generated by org.testng.reporters.JUnitXMLReporter -->
<testsuite ignored="0" hostname="HAREESHMA-SARATH-IRISH" failures="0" tests="17" name="EdgeTest" time="147.059" errors="0" timestamp="2024-08-01T23:41:38 IST">
  <testcase classname="testClasses.AddDeductionTestClass" name="addDeductionSuccesfuly" time="12.061"/>
  <testcase classname="testClasses.PasswordResetTestClass" name="verifyIncorrectMailIdSubmitShowsThereIsNoUserWithThisEmail" time="1.979"/>
  <testcase classname="testClasses.ClientTestClass" name="verifyResetButtonIsWorkingOrNot" time="4.096"/>
  <testcase classname="testClasses.LoginTestClass" name="verifyTheExpectedPageIsOpenWhileHittingTheURL" time="0.063"/>
  <testcase classname="testClasses.DeductionTestClass" name="verifyViewButtonClickOpensProfileViewPage" time="4.362"/>
  <testcase classname="testClasses.DeductionTestClass" name="searchAWorkerIsVisibleOrNotInTheList" time="16.088"/>
  <testcase classname="testClasses.PasswordResetTestClass" name="verifyEmailCannotBeBlankMessageShowsWhenClikngSendButton" time="1.684"/>
  <testcase classname="testClasses.LoginTestClass" name="verifySuccessfullLogin" time="2.56"/>
  <testcase classname="testClasses.ClientTestClass" name="verifySuccessfullSearchUsingClientId" time="3.706"/>
  <testcase classname="testClasses.PasswordResetTestClass" name="verifyEmailIsNotAValidEmailAddress" time="1.711"/>
  <testcase classname="testClasses.ClientTestClass" name="verifyUnSuccessfullSearchUsingClentId" time="5.558"/>
  <testcase classname="testClasses.LoginTestClass" name="verifyUnsuccessfulLogin" time="1.445"/>
  <testcase classname="testClasses.LoginTestClass" name="verifyUnsuccessfulLogin" time="1.216"/>
  <testcase classname="testClasses.LoginTestClass" name="verifyUnsuccessfulLogin" time="1.689"/>
  <testcase classname="testClasses.PasswordResetTestClass" name="verifyCancelButtonClickRedirectToLoginPageOrNot" time="1.456"/>
  <testcase classname="testClasses.LoginTestClass" name="verifyCheckBoxRememberMeIsSelectedOrNot" time="0.056"/>
  <testcase classname="testClasses.LoginTestClass" name="verifyTheForgetPasswordResetCliksDirectedToCorrectPageOrNot" time="1.002"/>
</testsuite> <!-- EdgeTest -->
