<?xml version="1.0" encoding="UTF-8"?>
<!-- Generated by org.testng.reporters.JUnitXMLReporter -->
<testsuite ignored="4" hostname="HAREESHMA-SARATH-IRISH" failures="0" tests="18" name="EdgeTest" time="289.115" errors="0" timestamp="2024-08-04T13:32:06 IST">
  <testcase classname="testClasses.AddDeductionTestClass" name="addDeductionSuccesfuly" time="15.441">
    <skipped/>
  </testcase> <!-- addDeductionSuccesfuly -->
  <testcase classname="testClasses.AddDeductionTestClass" name="addDeductionSuccesfuly" time="8.522"/>
  <testcase classname="testClasses.PasswordResetTestClass" name="verifyIncorrectMailIdSubmitShowsThereIsNoUserWithThisEmail" time="1.889"/>
  <testcase classname="testClasses.ClientTestClass" name="verifyResetButtonIsWorkingOrNot" time="6.441"/>
  <testcase classname="testClasses.LoginTestClass" name="verifyTheExpectedPageIsOpenWhileHittingTheURL" time="0.136"/>
  <testcase classname="testClasses.DeductionTestClass" name="verifyViewButtonClickOpensProfileViewPage" time="4.404"/>
  <testcase classname="testClasses.DeductionTestClass" name="searchAWorkerIsVisibleOrNotInTheList" time="16.721"/>
  <testcase classname="testClasses.PasswordResetTestClass" name="verifyEmailCannotBeBlankMessageShowsWhenClikngSendButton" time="2.987"/>
  <testcase classname="testClasses.LoginTestClass" name="verifySuccessfullLogin" time="2.946"/>
  <testcase classname="testClasses.ClientTestClass" name="verifySuccessfullSearchUsingClientId" time="5.992"/>
  <testcase classname="testClasses.PasswordResetTestClass" name="verifyEmailIsNotAValidEmailAddress" time="1.938"/>
  <testcase classname="testClasses.ClientTestClass" name="verifyUnSuccessfullSearchUsingClentId" time="4.364"/>
  <testcase classname="testClasses.LoginTestClass" name="verifyUnsuccessfulLogin" time="1.237"/>
  <testcase classname="testClasses.LoginTestClass" name="verifyUnsuccessfulLogin" time="1.298"/>
  <testcase classname="testClasses.LoginTestClass" name="verifyUnsuccessfulLogin" time="1.873"/>
  <testcase classname="testClasses.PasswordResetTestClass" name="verifyCancelButtonClickRedirectToLoginPageOrNot" time="1.402"/>
  <testcase classname="testClasses.LoginTestClass" name="verifyCheckBoxRememberMeIsSelectedOrNot" time="0.052"/>
  <testcase classname="testClasses.LoginTestClass" name="verifyTheForgetPasswordResetCliksDirectedToCorrectPageOrNot" time="0.993"/>
  <testcase classname="testClasses.BaseClass" name="@BeforeSuite createReport" time="0.0">
    <ignored/>
  </testcase> <!-- @BeforeSuite createReport -->
  <testcase classname="testClasses.BaseClass" name="@BeforeSuite createReport" time="0.0">
    <ignored/>
  </testcase> <!-- @BeforeSuite createReport -->
  <testcase classname="testClasses.BaseClass" name="@BeforeSuite createReport" time="0.0">
    <ignored/>
  </testcase> <!-- @BeforeSuite createReport -->
  <testcase classname="testClasses.BaseClass" name="@BeforeSuite createReport" time="0.0">
    <ignored/>
  </testcase> <!-- @BeforeSuite createReport -->
</testsuite> <!-- EdgeTest -->
