<?xml version="1.0" encoding="UTF-8"?>
<!-- Generated by org.testng.reporters.JUnitXMLReporter -->
<testsuite ignored="2" hostname="HAREESHMA-SARATH-IRISH" failures="0" tests="1" name="Default test" time="13.27" errors="0" timestamp="2024-08-01T00:24:43 IST">
  <testcase classname="testClasses.ClientTestClass" name="verifyUnSuccessfullSearchUsingClentId" time="4.658"/>
  <testcase classname="testClasses.ClientTestClass" name="verifySuccessfullSearchUsingClientId" time="0.0">
    <ignored/>
  </testcase> <!-- verifySuccessfullSearchUsingClientId -->
  <testcase classname="testClasses.ClientTestClass" name="verifyResetButtonIsWorkingOrNot" time="0.0">
    <ignored/>
  </testcase> <!-- verifyResetButtonIsWorkingOrNot -->
</testsuite> <!-- Default test -->
